[2026-04-19 16:21:34] 开始同步 X 帖子公众号格式总结...
From https://github.com/sourit2001/X2feishu
 * branch            main       -> FETCH_HEAD
Already up to date.
  ✅ 已同步: 2026-04-19 1618 X简报.md
  🎉 共同步了 1 份总结报告
[2026-04-19 16:21:36] 同步完成
[2026-04-19 18:51:23] 开始同步 X 帖子公众号格式总结...
From https://github.com/sourit2001/X2feishu
 * branch            main       -> FETCH_HEAD
   e89e3ef..a2884bc  main       -> origin/main
Updating e89e3ef..a2884bc
Fast-forward
 daily_tweets.json                                  | 32 ++++-------------
 last_ids.json                                      |  8 ++---
 .../2026-04-19 1831 X\347\256\200\346\212\245.md"  | 40 ++++++++++++++++++++++
 3 files changed, 50 insertions(+), 30 deletions(-)
 create mode 100644 "obsidian_sync/2026-04-19 1831 X\347\256\200\346\212\245.md"
  ✅ 已同步: 2026-04-19 1831 X简报.md
  🎉 共同步了 1 份总结报告
[2026-04-19 18:51:25] 同步完成
